2025-03-12 18:32:00 | INFO | repo=arquillian-phantom-binary | action=pull
2025-07-28 07:13:00 | DEBUG | repo=arquillian-phantom-binary | action=commit
2025-06-22 18:53:00 | INFO | repo=arquillian-phantom-binary | action=commit
2025-10-06 11:31:00 | INFO | repo=arquillian-phantom-binary | action=commit
2025-08-11 07:05:00 | WARN | repo=arquillian-phantom-binary | action=test | passed=true
2025-06-28 17:38:00 | WARN | repo=arquillian-phantom-binary | action=commit
2025-02-09 13:50:00 | DEBUG | repo=arquillian-phantom-binary | action=pull
2025-10-11 21:59:00 | DEBUG | repo=arquillian-phantom-binary | action=commit
2025-09-05 14:57:00 | DEBUG | repo=arquillian-phantom-binary | action=commit
2025-04-27 10:37:00 | INFO | repo=arquillian-phantom-binary | action=edit | files=2
2025-06-25 20:55:00 | WARN | repo=arquillian-phantom-binary | action=commit
2025-04-21 13:12:00 | WARN | repo=arquillian-phantom-binary | action=commit
2025-04-25 08:04:00 | INFO | repo=arquillian-phantom-binary | action=commit
2025-05-05 11:17:00 | DEBUG | repo=arquillian-phantom-binary | action=commit
2025-12-16 13:13:00 | WARN | repo=arquillian-phantom-binary | action=commit
2025-07-28 08:38:00 | DEBUG | repo=arquillian-phantom-binary | action=commit
2025-09-01 10:10:00 | INFO | repo=arquillian-phantom-binary | action=commit
2025-07-21 13:15:00 | WARN | repo=arquillian-phantom-binary | action=commit
2025-04-28 14:33:00 | DEBUG | repo=arquillian-phantom-binary | action=commit
2025-06-02 20:06:00 | WARN | repo=arquillian-phantom-binary | action=commit
2025-10-08 11:19:00 | INFO | repo=arquillian-phantom-binary | action=commit
2025-08-24 17:18:00 | INFO | repo=arquillian-phantom-binary | action=commit
2025-10-02 19:16:00 | DEBUG | repo=arquillian-phantom-binary | action=commit
2025-09-09 11:55:00 | DEBUG | repo=arquillian-phantom-binary | action=commit
2025-07-17 17:52:00 | WARN | repo=arquillian-phantom-binary | action=commit
2025-11-14 13:30:00 | INFO | repo=arquillian-phantom-binary | action=test | passed=true
2025-04-07 07:47:00 | DEBUG | repo=arquillian-phantom-binary | action=commit
2025-05-15 19:21:00 | INFO | repo=arquillian-phantom-binary | action=pull
2025-05-01 18:24:00 | WARN | repo=arquillian-phantom-binary | action=commit
2025-04-20 07:36:00 | DEBUG | repo=arquillian-phantom-binary | action=commit
2025-06-11 10:11:00 | WARN | repo=arquillian-phantom-binary | action=commit
2025-04-04 08:20:00 | DEBUG | repo=arquillian-phantom-binary | action=commit
2025-08-15 20:34:00 | WARN | repo=arquillian-phantom-binary | action=commit
2025-06-12 16:59:00 | INFO | repo=arquillian-phantom-binary | action=commit
2025-03-23 15:53:00 | WARN | repo=arquillian-phantom-binary | action=commit
2025-09-08 19:51:00 | INFO | repo=arquillian-phantom-binary | action=commit
2025-02-06 07:24:00 | DEBUG | repo=arquillian-phantom-binary | action=commit
2025-02-12 07:54:00 | DEBUG | repo=arquillian-phantom-binary | action=commit
2025-12-26 10:52:00 | INFO | repo=arquillian-phantom-binary | action=commit
2025-09-22 14:26:00 | DEBUG | repo=arquillian-phantom-binary | action=commit
2025-01-15 11:02:00 | WARN | repo=arquillian-phantom-binary | action=pull
2025-04-03 17:05:00 | DEBUG | repo=arquillian-phantom-binary | action=test | passed=true
2025-10-06 08:20:00 | INFO | repo=arquillian-phantom-binary | action=commit
2025-03-24 15:47:00 | INFO | repo=arquillian-phantom-binary | action=test | passed=true
2025-08-03 19:48:00 | WARN | repo=arquillian-phantom-binary | action=edit | files=3
2025-04-18 07:59:00 | INFO | repo=arquillian-phantom-binary | action=commit
2025-01-21 20:06:00 | DEBUG | repo=arquillian-phantom-binary | action=test | passed=true
2025-08-10 09:31:00 | INFO | repo=arquillian-phantom-binary | action=edit | files=3
2025-04-27 09:34:00 | WARN | repo=arquillian-phantom-binary | action=commit
2025-08-25 20:42:00 | INFO | repo=arquillian-phantom-binary | action=test | passed=true
2025-08-17 09:57:00 | WARN | repo=arquillian-phantom-binary | action=commit
2025-07-27 10:12:00 | WARN | repo=arquillian-phantom-binary | action=commit
2025-03-16 18:25:00 | WARN | repo=arquillian-phantom-binary | action=commit
2025-12-16 08:26:00 | WARN | repo=arquillian-phantom-binary | action=commit
2025-10-18 11:00:00 | DEBUG | repo=arquillian-phantom-binary | action=commit
2025-05-01 19:41:00 | WARN | repo=arquillian-phantom-binary | action=commit
2025-09-20 19:04:00 | DEBUG | repo=arquillian-phantom-binary | action=test | passed=true
2025-11-24 14:33:00 | WARN | repo=arquillian-phantom-binary | action=commit
2025-03-03 07:58:00 | WARN | repo=arquillian-phantom-binary | action=commit
2025-04-25 08:14:00 | INFO | repo=arquillian-phantom-binary | action=commit
2025-11-20 21:14:00 | INFO | repo=arquillian-phantom-binary | action=test | passed=true
2025-03-24 12:14:00 | DEBUG | repo=arquillian-phantom-binary | action=commit
2025-03-10 07:17:00 | INFO | repo=arquillian-phantom-binary | action=test | passed=true
2025-04-11 11:21:00 | WARN | repo=arquillian-phantom-binary | action=commit
2025-05-22 07:37:00 | DEBUG | repo=arquillian-phantom-binary | action=commit
2025-01-11 21:12:00 | INFO | repo=arquillian-phantom-binary | action=commit
2025-08-19 11:31:00 | WARN | repo=arquillian-phantom-binary | action=commit
2025-07-21 13:40:00 | WARN | repo=arquillian-phantom-binary | action=commit
2025-02-08 16:11:00 | WARN | repo=arquillian-phantom-binary | action=commit
2025-10-19 21:06:00 | INFO | repo=arquillian-phantom-binary | action=edit | files=5
2025-03-04 17:35:00 | DEBUG | repo=arquillian-phantom-binary | action=commit
2025-08-24 08:59:00 | WARN | repo=arquillian-phantom-binary | action=pull
2025-12-25 14:52:00 | INFO | repo=arquillian-phantom-binary | action=commit
2025-11-10 09:43:00 | INFO | repo=arquillian-phantom-binary | action=commit
2025-02-13 08:39:00 | DEBUG | repo=arquillian-phantom-binary | action=commit
2025-03-01 12:41:00 | WARN | repo=arquillian-phantom-binary | action=commit
2025-09-14 21:03:00 | INFO | repo=arquillian-phantom-binary | action=commit
2025-06-26 13:23:00 | DEBUG | repo=arquillian-phantom-binary | action=commit
2025-04-09 14:19:00 | DEBUG | repo=arquillian-phantom-binary | action=commit
